<?xml version='1.0' encoding='utf-8'?>
<testsuites name="cocotb tests"><testsuite name="test_main_decoder" errors="0" failures="0" skipped="0" tests="9" time="0.156" timestamp="2026-09-05T07:27:21.322252+00:00" hostname="LAPTOP-83LD9GD4"><testcase classname="test_main_decoder" name="test_decoder_rtype" time="0.016"><properties><property name="cocotb" value="True" /><property name="random_seed" value="1788593241" /><property name="file" value="C:\Projects\rv32i_core\tb\units\test_main_decoder.py" /><property name="line" value="32" /><property name="sim_time_unit" value="ns" /><property name="sim_time_start" value="0.0" /><property name="sim_time_stop" value="1000.0" /><property name="sim_time_duration" value="1000.0" /><property name="sim_time_ratio" value="62499.9997598934" /><property name="attachment" value="C:\Projects\rv32i_core\sim\main_decoder\main_decoder.fst" /></properties><system-out>[[ATTACHMENT|C:\Projects\rv32i_core\sim\main_decoder\main_decoder.fst]]
</system-out></testcase><testcase classname="test_main_decoder" name="test_decoder_itype" time="0.015"><properties><property name="cocotb" value="True" /><property name="random_seed" value="1788593241" /><property name="file" value="C:\Projects\rv32i_core\tb\units\test_main_decoder.py" /><property name="line" value="51" /><property name="sim_time_unit" value="ns" /><property name="sim_time_start" value="1000.001" /><property name="sim_time_stop" value="2000.001" /><property name="sim_time_duration" value="1000.0" /><property name="sim_time_ratio" value="66666.6666045785" /><property name="attachment" value="C:\Projects\rv32i_core\sim\main_decoder\main_decoder.fst" /></properties><system-out>[[ATTACHMENT|C:\Projects\rv32i_core\sim\main_decoder\main_decoder.fst]]
</system-out></testcase><testcase classname="test_main_decoder" name="test_decoder_load" time="0.016"><properties><property name="cocotb" value="True" /><property name="random_seed" value="1788593241" /><property name="file" value="C:\Projects\rv32i_core\tb\units\test_main_decoder.py" /><property name="line" value="69" /><property name="sim_time_unit" value="ns" /><property name="sim_time_start" value="2000.002" /><property name="sim_time_stop" value="3000.002" /><property name="sim_time_duration" value="1000.0" /><property name="sim_time_ratio" value="62499.9997598934" /><property name="attachment" value="C:\Projects\rv32i_core\sim\main_decoder\main_decoder.fst" /></properties><system-out>[[ATTACHMENT|C:\Projects\rv32i_core\sim\main_decoder\main_decoder.fst]]
</system-out></testcase><testcase classname="test_main_decoder" name="test_decoder_store" time="0.031"><properties><property name="cocotb" value="True" /><property name="random_seed" value="1788593241" /><property name="file" value="C:\Projects\rv32i_core\tb\units\test_main_decoder.py" /><property name="line" value="88" /><property name="sim_time_unit" value="ns" /><property name="sim_time_start" value="3000.003" /><property name="sim_time_stop" value="4000.003" /><property name="sim_time_duration" value="1000.0" /><property name="sim_time_ratio" value="32258.06455877023" /><property name="attachment" value="C:\Projects\rv32i_core\sim\main_decoder\main_decoder.fst" /></properties><system-out>[[ATTACHMENT|C:\Projects\rv32i_core\sim\main_decoder\main_decoder.fst]]
</system-out></testcase><testcase classname="test_main_decoder" name="test_decoder_branch" time="0.016"><properties><property name="cocotb" value="True" /><property name="random_seed" value="1788593241" /><property name="file" value="C:\Projects\rv32i_core\tb\units\test_main_decoder.py" /><property name="line" value="107" /><property name="sim_time_unit" value="ns" /><property name="sim_time_start" value="4000.004" /><property name="sim_time_stop" value="5000.004" /><property name="sim_time_duration" value="1000.0" /><property name="sim_time_ratio" value="62499.9997598934" /><property name="attachment" value="C:\Projects\rv32i_core\sim\main_decoder\main_decoder.fst" /></properties><system-out>[[ATTACHMENT|C:\Projects\rv32i_core\sim\main_decoder\main_decoder.fst]]
</system-out></testcase><testcase classname="test_main_decoder" name="test_decoder_jal" time="0.016"><properties><property name="cocotb" value="True" /><property name="random_seed" value="1788593241" /><property name="file" value="C:\Projects\rv32i_core\tb\units\test_main_decoder.py" /><property name="line" value="127" /><property name="sim_time_unit" value="ns" /><property name="sim_time_start" value="5000.005" /><property name="sim_time_stop" value="6000.005" /><property name="sim_time_duration" value="1000.0" /><property name="sim_time_ratio" value="62500.00021464075" /><property name="attachment" value="C:\Projects\rv32i_core\sim\main_decoder\main_decoder.fst" /></properties><system-out>[[ATTACHMENT|C:\Projects\rv32i_core\sim\main_decoder\main_decoder.fst]]
</system-out></testcase><testcase classname="test_main_decoder" name="test_decoder_jalr" time="0.015"><properties><property name="cocotb" value="True" /><property name="random_seed" value="1788593241" /><property name="file" value="C:\Projects\rv32i_core\tb\units\test_main_decoder.py" /><property name="line" value="141" /><property name="sim_time_unit" value="ns" /><property name="sim_time_start" value="6000.006" /><property name="sim_time_stop" value="7000.006" /><property name="sim_time_duration" value="1000.0" /><property name="sim_time_ratio" value="66666.6666045785" /><property name="attachment" value="C:\Projects\rv32i_core\sim\main_decoder\main_decoder.fst" /></properties><system-out>[[ATTACHMENT|C:\Projects\rv32i_core\sim\main_decoder\main_decoder.fst]]
</system-out></testcase><testcase classname="test_main_decoder" name="test_decoder_lui" time="0.016"><properties><property name="cocotb" value="True" /><property name="random_seed" value="1788593241" /><property name="file" value="C:\Projects\rv32i_core\tb\units\test_main_decoder.py" /><property name="line" value="157" /><property name="sim_time_unit" value="ns" /><property name="sim_time_start" value="7000.007" /><property name="sim_time_stop" value="8000.007" /><property name="sim_time_duration" value="1000.0" /><property name="sim_time_ratio" value="62500.00021464075" /><property name="attachment" value="C:\Projects\rv32i_core\sim\main_decoder\main_decoder.fst" /></properties><system-out>[[ATTACHMENT|C:\Projects\rv32i_core\sim\main_decoder\main_decoder.fst]]
</system-out></testcase><testcase classname="test_main_decoder" name="test_decoder_auipc" time="0.015"><properties><property name="cocotb" value="True" /><property name="random_seed" value="1788593241" /><property name="file" value="C:\Projects\rv32i_core\tb\units\test_main_decoder.py" /><property name="line" value="170" /><property name="sim_time_unit" value="ns" /><property name="sim_time_start" value="8000.008" /><property name="sim_time_stop" value="9000.008" /><property name="sim_time_duration" value="1000.0" /><property name="sim_time_ratio" value="66666.6666045785" /><property name="attachment" value="C:\Projects\rv32i_core\sim\main_decoder\main_decoder.fst" /></properties><system-out>[[ATTACHMENT|C:\Projects\rv32i_core\sim\main_decoder\main_decoder.fst]]
</system-out></testcase></testsuite></testsuites>