<?xml version='1.0' encoding='utf-8'?>
<testsuites name="cocotb tests"><testsuite name="test_alu" errors="0" failures="0" skipped="0" tests="10" time="0.204" timestamp="2026-09-05T16:37:32.242639+00:00" hostname="LAPTOP-83LD9GD4"><testcase classname="test_alu" name="test_alu_add" time="0.063"><properties><property name="cocotb" value="True" /><property name="random_seed" value="1788626252" /><property name="file" value="C:\Projects\rv32i_core\tb\units\test_alu.py" /><property name="line" value="50" /><property name="sim_time_unit" value="ns" /><property name="sim_time_start" value="0.0" /><property name="sim_time_stop" value="1049.0" /><property name="sim_time_duration" value="1049.0" /><property name="sim_time_ratio" value="16650.79365990109" /><property name="attachment" value="C:\Projects\rv32i_core\sim\alu\alu.fst" /></properties><system-out>[[ATTACHMENT|C:\Projects\rv32i_core\sim\alu\alu.fst]]
</system-out></testcase><testcase classname="test_alu" name="test_alu_sub" time="0.016"><properties><property name="cocotb" value="True" /><property name="random_seed" value="1788626252" /><property name="file" value="C:\Projects\rv32i_core\tb\units\test_alu.py" /><property name="line" value="61" /><property name="sim_time_unit" value="ns" /><property name="sim_time_start" value="1049.001" /><property name="sim_time_stop" value="2098.001" /><property name="sim_time_duration" value="1049.0000000000002" /><property name="sim_time_ratio" value="65562.50022515816" /><property name="attachment" value="C:\Projects\rv32i_core\sim\alu\alu.fst" /></properties><system-out>[[ATTACHMENT|C:\Projects\rv32i_core\sim\alu\alu.fst]]
</system-out></testcase><testcase classname="test_alu" name="test_alu_and" time="0.015"><properties><property name="cocotb" value="True" /><property name="random_seed" value="1788626252" /><property name="file" value="C:\Projects\rv32i_core\tb\units\test_alu.py" /><property name="line" value="77" /><property name="sim_time_unit" value="ns" /><property name="sim_time_start" value="2098.002" /><property name="sim_time_stop" value="3147.002" /><property name="sim_time_duration" value="1049.0" /><property name="sim_time_ratio" value="69933.33326820284" /><property name="attachment" value="C:\Projects\rv32i_core\sim\alu\alu.fst" /></properties><system-out>[[ATTACHMENT|C:\Projects\rv32i_core\sim\alu\alu.fst]]
</system-out></testcase><testcase classname="test_alu" name="test_alu_or" time="0.016"><properties><property name="cocotb" value="True" /><property name="random_seed" value="1788626252" /><property name="file" value="C:\Projects\rv32i_core\tb\units\test_alu.py" /><property name="line" value="88" /><property name="sim_time_unit" value="ns" /><property name="sim_time_start" value="3147.003" /><property name="sim_time_stop" value="4196.003" /><property name="sim_time_duration" value="1048.9999999999995" /><property name="sim_time_ratio" value="65562.50022515812" /><property name="attachment" value="C:\Projects\rv32i_core\sim\alu\alu.fst" /></properties><system-out>[[ATTACHMENT|C:\Projects\rv32i_core\sim\alu\alu.fst]]
</system-out></testcase><testcase classname="test_alu" name="test_alu_xor" time="0.015"><properties><property name="cocotb" value="True" /><property name="random_seed" value="1788626252" /><property name="file" value="C:\Projects\rv32i_core\tb\units\test_alu.py" /><property name="line" value="99" /><property name="sim_time_unit" value="ns" /><property name="sim_time_start" value="4196.004" /><property name="sim_time_stop" value="5245.004" /><property name="sim_time_duration" value="1049.0" /><property name="sim_time_ratio" value="69933.33326820284" /><property name="attachment" value="C:\Projects\rv32i_core\sim\alu\alu.fst" /></properties><system-out>[[ATTACHMENT|C:\Projects\rv32i_core\sim\alu\alu.fst]]
</system-out></testcase><testcase classname="test_alu" name="test_alu_sll" time="0.016"><properties><property name="cocotb" value="True" /><property name="random_seed" value="1788626252" /><property name="file" value="C:\Projects\rv32i_core\tb\units\test_alu.py" /><property name="line" value="110" /><property name="sim_time_unit" value="ns" /><property name="sim_time_start" value="5245.005" /><property name="sim_time_stop" value="6294.005" /><property name="sim_time_duration" value="1049.0" /><property name="sim_time_ratio" value="65562.49974812818" /><property name="attachment" value="C:\Projects\rv32i_core\sim\alu\alu.fst" /></properties><system-out>[[ATTACHMENT|C:\Projects\rv32i_core\sim\alu\alu.fst]]
</system-out></testcase><testcase classname="test_alu" name="test_alu_srl" time="0.016"><properties><property name="cocotb" value="True" /><property name="random_seed" value="1788626252" /><property name="file" value="C:\Projects\rv32i_core\tb\units\test_alu.py" /><property name="line" value="122" /><property name="sim_time_unit" value="ns" /><property name="sim_time_start" value="6294.006" /><property name="sim_time_stop" value="7343.006" /><property name="sim_time_duration" value="1049.0" /><property name="sim_time_ratio" value="65562.50022515815" /><property name="attachment" value="C:\Projects\rv32i_core\sim\alu\alu.fst" /></properties><system-out>[[ATTACHMENT|C:\Projects\rv32i_core\sim\alu\alu.fst]]
</system-out></testcase><testcase classname="test_alu" name="test_alu_sra" time="0.015"><properties><property name="cocotb" value="True" /><property name="random_seed" value="1788626252" /><property name="file" value="C:\Projects\rv32i_core\tb\units\test_alu.py" /><property name="line" value="134" /><property name="sim_time_unit" value="ns" /><property name="sim_time_start" value="7343.007" /><property name="sim_time_stop" value="8392.007" /><property name="sim_time_duration" value="1049.0" /><property name="sim_time_ratio" value="69933.33326820284" /><property name="attachment" value="C:\Projects\rv32i_core\sim\alu\alu.fst" /></properties><system-out>[[ATTACHMENT|C:\Projects\rv32i_core\sim\alu\alu.fst]]
</system-out></testcase><testcase classname="test_alu" name="test_alu_slt" time="0.016"><properties><property name="cocotb" value="True" /><property name="random_seed" value="1788626252" /><property name="file" value="C:\Projects\rv32i_core\tb\units\test_alu.py" /><property name="line" value="147" /><property name="sim_time_unit" value="ns" /><property name="sim_time_start" value="8392.008" /><property name="sim_time_stop" value="9441.008" /><property name="sim_time_duration" value="1049.0" /><property name="sim_time_ratio" value="65562.49974812818" /><property name="attachment" value="C:\Projects\rv32i_core\sim\alu\alu.fst" /></properties><system-out>[[ATTACHMENT|C:\Projects\rv32i_core\sim\alu\alu.fst]]
</system-out></testcase><testcase classname="test_alu" name="test_alu_sltu" time="0.016"><properties><property name="cocotb" value="True" /><property name="random_seed" value="1788626252" /><property name="file" value="C:\Projects\rv32i_core\tb\units\test_alu.py" /><property name="line" value="159" /><property name="sim_time_unit" value="ns" /><property name="sim_time_start" value="9441.009" /><property name="sim_time_stop" value="10490.009" /><property name="sim_time_duration" value="1049.0" /><property name="sim_time_ratio" value="65562.50022515815" /><property name="attachment" value="C:\Projects\rv32i_core\sim\alu\alu.fst" /></properties><system-out>[[ATTACHMENT|C:\Projects\rv32i_core\sim\alu\alu.fst]]
</system-out></testcase></testsuite></testsuites>