<?xml version='1.0' encoding='utf-8'?>
<testsuites name="cocotb tests"><testsuite name="test_immediate_gen" errors="0" failures="0" skipped="0" tests="5" time="0.063" timestamp="2026-09-05T16:37:32.874107+00:00" hostname="LAPTOP-83LD9GD4"><testcase classname="test_immediate_gen" name="test_imm_i_type" time="0.016"><properties><property name="cocotb" value="True" /><property name="random_seed" value="1788626252" /><property name="file" value="C:\Projects\rv32i_core\tb\units\test_immediate_gen.py" /><property name="line" value="26" /><property name="sim_time_unit" value="ns" /><property name="sim_time_start" value="0.0" /><property name="sim_time_stop" value="1000.0" /><property name="sim_time_duration" value="1000.0" /><property name="sim_time_ratio" value="62500.00021464075" /><property name="attachment" value="C:\Projects\rv32i_core\sim\immediate_gen\immediate_gen.fst" /></properties><system-out>[[ATTACHMENT|C:\Projects\rv32i_core\sim\immediate_gen\immediate_gen.fst]]
</system-out></testcase><testcase classname="test_immediate_gen" name="test_imm_s_type" time="0.000"><properties><property name="cocotb" value="True" /><property name="random_seed" value="1788626252" /><property name="file" value="C:\Projects\rv32i_core\tb\units\test_immediate_gen.py" /><property name="line" value="37" /><property name="sim_time_unit" value="ns" /><property name="sim_time_start" value="1000.001" /><property name="sim_time_stop" value="2000.001" /><property name="sim_time_duration" value="1000.0" /><property name="sim_time_ratio" value="inf" /><property name="attachment" value="C:\Projects\rv32i_core\sim\immediate_gen\immediate_gen.fst" /></properties><system-out>[[ATTACHMENT|C:\Projects\rv32i_core\sim\immediate_gen\immediate_gen.fst]]
</system-out></testcase><testcase classname="test_immediate_gen" name="test_imm_b_type" time="0.016"><properties><property name="cocotb" value="True" /><property name="random_seed" value="1788626252" /><property name="file" value="C:\Projects\rv32i_core\tb\units\test_immediate_gen.py" /><property name="line" value="50" /><property name="sim_time_unit" value="ns" /><property name="sim_time_start" value="2000.002" /><property name="sim_time_stop" value="3000.002" /><property name="sim_time_duration" value="1000.0" /><property name="sim_time_ratio" value="62499.9997598934" /><property name="attachment" value="C:\Projects\rv32i_core\sim\immediate_gen\immediate_gen.fst" /></properties><system-out>[[ATTACHMENT|C:\Projects\rv32i_core\sim\immediate_gen\immediate_gen.fst]]
</system-out></testcase><testcase classname="test_immediate_gen" name="test_imm_u_type" time="0.016"><properties><property name="cocotb" value="True" /><property name="random_seed" value="1788626252" /><property name="file" value="C:\Projects\rv32i_core\tb\units\test_immediate_gen.py" /><property name="line" value="66" /><property name="sim_time_unit" value="ns" /><property name="sim_time_start" value="3000.003" /><property name="sim_time_stop" value="4000.003" /><property name="sim_time_duration" value="1000.0" /><property name="sim_time_ratio" value="62500.00021464075" /><property name="attachment" value="C:\Projects\rv32i_core\sim\immediate_gen\immediate_gen.fst" /></properties><system-out>[[ATTACHMENT|C:\Projects\rv32i_core\sim\immediate_gen\immediate_gen.fst]]
</system-out></testcase><testcase classname="test_immediate_gen" name="test_imm_j_type" time="0.015"><properties><property name="cocotb" value="True" /><property name="random_seed" value="1788626252" /><property name="file" value="C:\Projects\rv32i_core\tb\units\test_immediate_gen.py" /><property name="line" value="78" /><property name="sim_time_unit" value="ns" /><property name="sim_time_start" value="4000.004" /><property name="sim_time_stop" value="5000.004" /><property name="sim_time_duration" value="1000.0" /><property name="sim_time_ratio" value="66666.6666045785" /><property name="attachment" value="C:\Projects\rv32i_core\sim\immediate_gen\immediate_gen.fst" /></properties><system-out>[[ATTACHMENT|C:\Projects\rv32i_core\sim\immediate_gen\immediate_gen.fst]]
</system-out></testcase></testsuite></testsuites>