<?xml version='1.0' encoding='utf-8'?>
<testsuites name="cocotb tests"><testsuite name="test_lsu" errors="0" failures="0" skipped="0" tests="6" time="0.156" timestamp="2026-09-05T16:37:35.752799+00:00" hostname="LAPTOP-83LD9GD4"><testcase classname="test_lsu" name="test_lsu_store_word" time="0.031"><properties><property name="cocotb" value="True" /><property name="random_seed" value="1788626255" /><property name="file" value="C:\Projects\rv32i_core\tb\units\test_lsu.py" /><property name="line" value="26" /><property name="sim_time_unit" value="ns" /><property name="sim_time_start" value="0.0" /><property name="sim_time_stop" value="1000.0" /><property name="sim_time_duration" value="1000.0" /><property name="sim_time_ratio" value="32258.06455877023" /><property name="attachment" value="C:\Projects\rv32i_core\sim\lsu\lsu.fst" /></properties><system-out>[[ATTACHMENT|C:\Projects\rv32i_core\sim\lsu\lsu.fst]]
</system-out></testcase><testcase classname="test_lsu" name="test_lsu_store_halfword" time="0.015"><properties><property name="cocotb" value="True" /><property name="random_seed" value="1788626255" /><property name="file" value="C:\Projects\rv32i_core\tb\units\test_lsu.py" /><property name="line" value="41" /><property name="sim_time_unit" value="ns" /><property name="sim_time_start" value="1000.001" /><property name="sim_time_stop" value="2000.001" /><property name="sim_time_duration" value="1000.0" /><property name="sim_time_ratio" value="66666.6666045785" /><property name="attachment" value="C:\Projects\rv32i_core\sim\lsu\lsu.fst" /></properties><system-out>[[ATTACHMENT|C:\Projects\rv32i_core\sim\lsu\lsu.fst]]
</system-out></testcase><testcase classname="test_lsu" name="test_lsu_store_byte" time="0.032"><properties><property name="cocotb" value="True" /><property name="random_seed" value="1788626255" /><property name="file" value="C:\Projects\rv32i_core\tb\units\test_lsu.py" /><property name="line" value="64" /><property name="sim_time_unit" value="ns" /><property name="sim_time_start" value="2000.002" /><property name="sim_time_stop" value="3000.002" /><property name="sim_time_duration" value="1000.0" /><property name="sim_time_ratio" value="31249.999993633537" /><property name="attachment" value="C:\Projects\rv32i_core\sim\lsu\lsu.fst" /></properties><system-out>[[ATTACHMENT|C:\Projects\rv32i_core\sim\lsu\lsu.fst]]
</system-out></testcase><testcase classname="test_lsu" name="test_lsu_load_word" time="0.015"><properties><property name="cocotb" value="True" /><property name="random_seed" value="1788626255" /><property name="file" value="C:\Projects\rv32i_core\tb\units\test_lsu.py" /><property name="line" value="84" /><property name="sim_time_unit" value="ns" /><property name="sim_time_start" value="3000.003" /><property name="sim_time_stop" value="4000.003" /><property name="sim_time_duration" value="1000.0" /><property name="sim_time_ratio" value="66666.6666045785" /><property name="attachment" value="C:\Projects\rv32i_core\sim\lsu\lsu.fst" /></properties><system-out>[[ATTACHMENT|C:\Projects\rv32i_core\sim\lsu\lsu.fst]]
</system-out></testcase><testcase classname="test_lsu" name="test_lsu_load_halfword" time="0.031"><properties><property name="cocotb" value="True" /><property name="random_seed" value="1788626255" /><property name="file" value="C:\Projects\rv32i_core\tb\units\test_lsu.py" /><property name="line" value="99" /><property name="sim_time_unit" value="ns" /><property name="sim_time_start" value="4000.004" /><property name="sim_time_stop" value="6000.004" /><property name="sim_time_duration" value="2000.0" /><property name="sim_time_ratio" value="64516.12911754046" /><property name="attachment" value="C:\Projects\rv32i_core\sim\lsu\lsu.fst" /></properties><system-out>[[ATTACHMENT|C:\Projects\rv32i_core\sim\lsu\lsu.fst]]
</system-out></testcase><testcase classname="test_lsu" name="test_lsu_load_byte" time="0.032"><properties><property name="cocotb" value="True" /><property name="random_seed" value="1788626255" /><property name="file" value="C:\Projects\rv32i_core\tb\units\test_lsu.py" /><property name="line" value="124" /><property name="sim_time_unit" value="ns" /><property name="sim_time_start" value="6000.005" /><property name="sim_time_stop" value="8000.005" /><property name="sim_time_duration" value="2000.0" /><property name="sim_time_ratio" value="62499.999987267074" /><property name="attachment" value="C:\Projects\rv32i_core\sim\lsu\lsu.fst" /></properties><system-out>[[ATTACHMENT|C:\Projects\rv32i_core\sim\lsu\lsu.fst]]
</system-out></testcase></testsuite></testsuites>