<?xml version='1.0' encoding='utf-8'?>
<testsuites name="cocotb tests"><testsuite name="test_branch_unit" errors="0" failures="0" skipped="0" tests="5" time="0.343" timestamp="2026-09-05T16:37:33.438306+00:00" hostname="LAPTOP-83LD9GD4"><testcase classname="test_branch_unit" name="test_branch_none" time="0.062"><properties><property name="cocotb" value="True" /><property name="random_seed" value="1788626253" /><property name="file" value="C:\Projects\rv32i_core\tb\units\test_branch_unit.py" /><property name="line" value="37" /><property name="sim_time_unit" value="ns" /><property name="sim_time_start" value="0.0" /><property name="sim_time_stop" value="4144.0" /><property name="sim_time_duration" value="4144.0" /><property name="sim_time_ratio" value="66838.70964027112" /><property name="attachment" value="C:\Projects\rv32i_core\sim\branch_unit\branch_unit.fst" /></properties><system-out>[[ATTACHMENT|C:\Projects\rv32i_core\sim\branch_unit\branch_unit.fst]]
</system-out></testcase><testcase classname="test_branch_unit" name="test_branch_beq" time="0.062"><properties><property name="cocotb" value="True" /><property name="random_seed" value="1788626253" /><property name="file" value="C:\Projects\rv32i_core\tb\units\test_branch_unit.py" /><property name="line" value="52" /><property name="sim_time_unit" value="ns" /><property name="sim_time_start" value="4144.001" /><property name="sim_time_stop" value="8288.001" /><property name="sim_time_duration" value="4144.0" /><property name="sim_time_ratio" value="66838.70964027112" /><property name="attachment" value="C:\Projects\rv32i_core\sim\branch_unit\branch_unit.fst" /></properties><system-out>[[ATTACHMENT|C:\Projects\rv32i_core\sim\branch_unit\branch_unit.fst]]
</system-out></testcase><testcase classname="test_branch_unit" name="test_branch_bne" time="0.078"><properties><property name="cocotb" value="True" /><property name="random_seed" value="1788626253" /><property name="file" value="C:\Projects\rv32i_core\tb\units\test_branch_unit.py" /><property name="line" value="68" /><property name="sim_time_unit" value="ns" /><property name="sim_time_start" value="8288.002" /><property name="sim_time_stop" value="12432.002" /><property name="sim_time_duration" value="4144.0" /><property name="sim_time_ratio" value="53128.205142160885" /><property name="attachment" value="C:\Projects\rv32i_core\sim\branch_unit\branch_unit.fst" /></properties><system-out>[[ATTACHMENT|C:\Projects\rv32i_core\sim\branch_unit\branch_unit.fst]]
</system-out></testcase><testcase classname="test_branch_unit" name="test_branch_blt" time="0.063"><properties><property name="cocotb" value="True" /><property name="random_seed" value="1788626253" /><property name="file" value="C:\Projects\rv32i_core\tb\units\test_branch_unit.py" /><property name="line" value="84" /><property name="sim_time_unit" value="ns" /><property name="sim_time_start" value="12432.003" /><property name="sim_time_stop" value="16576.003" /><property name="sim_time_duration" value="4144.0" /><property name="sim_time_ratio" value="65777.77769220779" /><property name="attachment" value="C:\Projects\rv32i_core\sim\branch_unit\branch_unit.fst" /></properties><system-out>[[ATTACHMENT|C:\Projects\rv32i_core\sim\branch_unit\branch_unit.fst]]
</system-out></testcase><testcase classname="test_branch_unit" name="test_branch_bge" time="0.078"><properties><property name="cocotb" value="True" /><property name="random_seed" value="1788626253" /><property name="file" value="C:\Projects\rv32i_core\tb\units\test_branch_unit.py" /><property name="line" value="100" /><property name="sim_time_unit" value="ns" /><property name="sim_time_start" value="16576.004" /><property name="sim_time_stop" value="20720.004" /><property name="sim_time_duration" value="4144.0" /><property name="sim_time_ratio" value="53128.205142160885" /><property name="attachment" value="C:\Projects\rv32i_core\sim\branch_unit\branch_unit.fst" /></properties><system-out>[[ATTACHMENT|C:\Projects\rv32i_core\sim\branch_unit\branch_unit.fst]]
</system-out></testcase></testsuite></testsuites>