<?xml version='1.0' encoding='utf-8'?>
<testsuites name="cocotb tests"><testsuite name="test_register_file" errors="0" failures="0" skipped="0" tests="3" time="0.140" timestamp="2026-09-05T07:27:21.871679+00:00" hostname="LAPTOP-83LD9GD4"><testcase classname="test_register_file" name="test_x0_hardwired" time="0.047"><properties><property name="cocotb" value="True" /><property name="random_seed" value="1788593241" /><property name="file" value="C:\Projects\rv32i_core\tb\units\test_register_file.py" /><property name="line" value="8" /><property name="sim_time_unit" value="ns" /><property name="sim_time_start" value="0.0" /><property name="sim_time_stop" value="10001.0" /><property name="sim_time_duration" value="10001.0" /><property name="sim_time_ratio" value="212787.23447684842" /><property name="attachment" value="C:\Projects\rv32i_core\sim\register_file\register_file.fst" /></properties><system-out>[[ATTACHMENT|C:\Projects\rv32i_core\sim\register_file\register_file.fst]]
</system-out></testcase><testcase classname="test_register_file" name="test_read_write_random" time="0.047"><properties><property name="cocotb" value="True" /><property name="random_seed" value="1788593241" /><property name="file" value="C:\Projects\rv32i_core\tb\units\test_register_file.py" /><property name="line" value="38" /><property name="sim_time_unit" value="ns" /><property name="sim_time_start" value="10001.001" /><property name="sim_time_stop" value="20322.001" /><property name="sim_time_duration" value="10321.0" /><property name="sim_time_ratio" value="219595.74458512088" /><property name="attachment" value="C:\Projects\rv32i_core\sim\register_file\register_file.fst" /></properties><system-out>[[ATTACHMENT|C:\Projects\rv32i_core\sim\register_file\register_file.fst]]
</system-out></testcase><testcase classname="test_register_file" name="test_write_disable" time="0.046"><properties><property name="cocotb" value="True" /><property name="random_seed" value="1788593241" /><property name="file" value="C:\Projects\rv32i_core\tb\units\test_register_file.py" /><property name="line" value="87" /><property name="sim_time_unit" value="ns" /><property name="sim_time_start" value="20322.002" /><property name="sim_time_stop" value="30643.002" /><property name="sim_time_duration" value="10321.0" /><property name="sim_time_ratio" value="224369.56534912722" /><property name="attachment" value="C:\Projects\rv32i_core\sim\register_file\register_file.fst" /></properties><system-out>[[ATTACHMENT|C:\Projects\rv32i_core\sim\register_file\register_file.fst]]
</system-out></testcase></testsuite></testsuites>